This is LuaTeX, Version 1.10.0 (TeX Live 2019/Debian)  (format=lualatex 2023.6.4)  11 SEP 2023 14:35
 system commands enabled.
**proof_outline.tex
(/usr/share/texlive/texmf-dist/tex/latex/tools/r.tex
! Interruption.
<everyjob> \directlua {
            require("lualatexquotejobname.lua")}\typeout {\fmtname \space <\fmt
l.1 
  %%
? x


Here is how much of LuaTeX's memory you used:
 10 strings out of 481365
 100000,319454 words of node,token memory allocated 275 words of node memory still in use:
   1 hlist, 1 dir, 39 glue_spec nodes
   avail lists: 2:12,3:1,4:1,5:2
 17233 multiletter control sequences out of 65536+600000
 24 fonts using 3127219 bytes
 2i,0n,0p,23b,6s stack positions out of 5000i,500n,10000p,200000b,100000s

warning  (pdf backend): no pages of output.

PDF statistics: 0 PDF objects out of 1000 (max. 8388607)
 0 named destinations out of 1000 (max. 131072)
 1 words of extra memory for PDF output out of 10000 (max. 100000000)

